[21:37:00] [ServerMain/INFO]: [bootstrap] Running Java 22 (OpenJDK 64-Bit Server VM 22.0.2+9-FR; Amazon.com Inc. Corretto-22.0.2.9.1) on Windows 11 10.0 (amd64)
[21:37:00] [ServerMain/INFO]: [bootstrap] Loading Paper 1.21.7-28-main@94d60e1 (2025-07-14T21:13:45Z) for Minecraft 1.21.7
[21:37:00] [ServerMain/INFO]: [PluginInitializerManager] Initializing plugins...
[21:37:01] [ServerMain/INFO]: [PluginInitializerManager] Initialized 0 plugins
[21:37:04] [ServerMain/INFO]: Environment: Environment[sessionHost=https://sessionserver.mojang.com, servicesHost=https://api.minecraftservices.com, name=PROD]
[21:37:06] [ServerMain/INFO]: Loaded 1407 recipes
[21:37:06] [ServerMain/INFO]: Loaded 1520 advancements
[21:37:06] [ServerMain/INFO]: [ca.spottedleaf.dataconverter.minecraft.datatypes.MCTypeRegistry] Initialising converters for DataConverter...
[21:37:06] [ServerMain/INFO]: [ca.spottedleaf.dataconverter.minecraft.datatypes.MCTypeRegistry] Finished initialising converters for DataConverter in 238.6ms
[21:37:06] [Server thread/INFO]: Starting minecraft server version 1.21.7
[21:37:06] [Server thread/INFO]: Loading properties
[21:37:06] [Server thread/INFO]: This server is running Paper version 1.21.7-28-main@94d60e1 (2025-07-14T21:13:45Z) (Implementing API version 1.21.7-R0.1-SNAPSHOT)
[21:37:06] [Server thread/INFO]: [spark] This server bundles the spark profiler. For more information please visit https://docs.papermc.io/paper/profiling
[21:37:06] [Server thread/INFO]: Server Ping Player Sample Count: 12
[21:37:06] [Server thread/INFO]: Using 4 threads for Netty based IO
[21:37:06] [Server thread/INFO]: [MoonriseCommon] Paper is using 4 worker threads, 1 I/O threads
[21:37:06] [Server thread/INFO]: [ChunkTaskScheduler] Chunk system is using population gen parallelism: true
[21:37:07] [Server thread/INFO]: Default game type: SURVIVAL
[21:37:07] [Server thread/INFO]: Generating keypair
[21:37:07] [Server thread/INFO]: Starting Minecraft server on *:25565
[21:37:07] [Server thread/INFO]: Using default channel type
[21:37:07] [Server thread/INFO]: Paper: Using Java compression from Velocity.
[21:37:07] [Server thread/INFO]: Paper: Using Java cipher from Velocity.
[21:37:07] [Server thread/INFO]: Server permissions file permissions.yml is empty, ignoring it
[21:37:07] [Server thread/INFO]: Preparing level "world"
